{
  "RSpec": {
    "coverage": {
      "/Users/jling/turing/2module/projects/ideabox/config/environment.rb": [
        null,
        1,
        null,
        null,
        1
      ],
      "/Users/jling/turing/2module/projects/ideabox/config/application.rb": [
        1,
        null,
        1,
        null,
        1,
        1,
        1,
        1,
        1,
        1,
        1,
        1,
        null,
        null,
        null,
        null,
        1,
        null,
        1,
        1,
        null,
        1,
        null,
        null,
        null,
        null,
        null,
        null,
        1,
        null,
        null
      ],
      "/Users/jling/turing/2module/projects/ideabox/config/boot.rb": [
        1,
        null,
        1
      ],
      "/Users/jling/turing/2module/projects/ideabox/config/environments/test.rb": [
        1,
        null,
        null,
        null,
        null,
        null,
        null,
        1,
        null,
        null,
        null,
        null,
        1,
        null,
        null,
        1,
        1,
        null,
        null,
        null,
        null,
        1,
        1,
        null,
        null,
        1,
        null,
        null,
        1,
        1,
        null,
        null,
        null,
        null,
        1,
        null,
        null,
        1,
        null,
        null,
        null,
        null
      ],
      "/Users/jling/turing/2module/projects/ideabox/config/initializers/application_controller_renderer.rb": [
        null,
        null,
        null,
        null,
        null,
        null,
        null,
        null
      ],
      "/Users/jling/turing/2module/projects/ideabox/config/initializers/assets.rb": [
        null,
        null,
        null,
        1,
        null,
        null,
        null,
        null,
        1,
        null,
        null,
        null,
        null,
        null
      ],
      "/Users/jling/turing/2module/projects/ideabox/config/initializers/backtrace_silencers.rb": [
        null,
        null,
        null,
        null,
        null,
        null,
        null
      ],
      "/Users/jling/turing/2module/projects/ideabox/config/initializers/cookies_serializer.rb": [
        null,
        null,
        null,
        null,
        1
      ],
      "/Users/jling/turing/2module/projects/ideabox/config/initializers/filter_parameter_logging.rb": [
        null,
        null,
        null,
        1
      ],
      "/Users/jling/turing/2module/projects/ideabox/config/initializers/inflections.rb": [
        null,
        null,
        null,
        null,
        null,
        null,
        null,
        null,
        null,
        null,
        null,
        null,
        null,
        null,
        null,
        null
      ],
      "/Users/jling/turing/2module/projects/ideabox/config/initializers/mime_types.rb": [
        null,
        null,
        null,
        null
      ],
      "/Users/jling/turing/2module/projects/ideabox/config/initializers/wrap_parameters.rb": [
        null,
        null,
        null,
        null,
        null,
        null,
        1,
        2,
        null,
        null,
        null,
        null,
        null,
        null
      ],
      "/Users/jling/turing/2module/projects/ideabox/config/routes.rb": [
        1,
        null,
        1,
        1,
        1,
        1,
        1,
        1,
        null
      ],
      "/Users/jling/turing/2module/projects/ideabox/app/helpers/application_helper.rb": [
        1,
        null
      ],
      "/Users/jling/turing/2module/projects/ideabox/spec/features/admin_user_can_create_category_spec.rb": [
        1,
        null,
        1,
        1,
        1,
        1,
        1,
        1,
        null,
        1,
        null,
        1,
        1,
        null,
        1,
        1,
        null,
        1,
        1,
        null,
        null,
        null,
        null
      ],
      "/Users/jling/turing/2module/projects/ideabox/spec/features/registered_user_can_login_and_see_welcome_page_spec.rb": [
        1,
        null,
        1,
        1,
        1,
        1,
        1,
        1,
        null,
        1,
        null,
        1,
        1,
        1,
        1,
        null,
        1,
        null,
        1,
        1,
        1,
        null,
        null,
        null,
        null,
        null
      ],
      "/Users/jling/turing/2module/projects/ideabox/spec/features/user_can_create_an_account_spec.rb": [
        1,
        null,
        1,
        1,
        1,
        1,
        1,
        1,
        null,
        1,
        1,
        null,
        1,
        1,
        null,
        1,
        null,
        1,
        null,
        null,
        null,
        null
      ],
      "/Users/jling/turing/2module/projects/ideabox/spec/features/user_can_create_an_idea_spec.rb": [
        1,
        null,
        1,
        1,
        1,
        1,
        1,
        1,
        1,
        null,
        1,
        1,
        1,
        1,
        null,
        1,
        null,
        1,
        1,
        null,
        null,
        null,
        null,
        null
      ],
      "/Users/jling/turing/2module/projects/ideabox/spec/features/user_can_delete_an_idea_spec.rb": [
        1,
        null,
        1,
        1,
        1,
        1,
        1,
        1,
        1,
        null,
        1,
        1,
        1,
        null,
        null,
        1,
        1,
        1,
        1,
        1,
        null,
        null,
        null,
        null
      ],
      "/Users/jling/turing/2module/projects/ideabox/spec/features/user_can_edit_an_idea_spec.rb": [
        1,
        null,
        1,
        1,
        1,
        1,
        1,
        1,
        1,
        null,
        1,
        null,
        1,
        1,
        null,
        null,
        1,
        null,
        1,
        1,
        1,
        1,
        null,
        1,
        1,
        1,
        null,
        null,
        null,
        null,
        null
      ],
      "/Users/jling/turing/2module/projects/ideabox/spec/models/category_spec.rb": [
        1,
        null,
        1,
        1,
        2,
        null,
        1,
        2,
        null,
        null
      ],
      "/Users/jling/turing/2module/projects/ideabox/app/models/category.rb": [
        1,
        1,
        1,
        null
      ],
      "/Users/jling/turing/2module/projects/ideabox/app/models/application_record.rb": [
        1,
        1,
        null
      ],
      "/Users/jling/turing/2module/projects/ideabox/spec/models/idea_spec.rb": [
        1,
        null,
        1,
        1,
        2,
        2,
        null,
        null,
        1,
        2,
        2,
        null,
        null
      ],
      "/Users/jling/turing/2module/projects/ideabox/app/models/idea.rb": [
        1,
        1,
        1,
        1,
        1,
        null
      ],
      "/Users/jling/turing/2module/projects/ideabox/spec/models/image_idea_spec.rb": [
        1,
        null,
        1,
        1,
        2,
        2,
        null,
        1,
        2,
        2,
        null,
        null
      ],
      "/Users/jling/turing/2module/projects/ideabox/app/models/image_idea.rb": [
        1,
        1,
        1,
        1,
        1,
        null
      ],
      "/Users/jling/turing/2module/projects/ideabox/spec/models/image_spec.rb": [
        1,
        null,
        1,
        1,
        2,
        null,
        1,
        2,
        2,
        null,
        null
      ],
      "/Users/jling/turing/2module/projects/ideabox/app/models/image.rb": [
        1,
        1,
        1,
        1,
        null
      ],
      "/Users/jling/turing/2module/projects/ideabox/spec/models/user_spec.rb": [
        1,
        null,
        1,
        1,
        2,
        null,
        1,
        1,
        1,
        null,
        1,
        null,
        null,
        null,
        1,
        1,
        1,
        null,
        1,
        0,
        null,
        null,
        1,
        1,
        null,
        1,
        0,
        null,
        null,
        null
      ],
      "/Users/jling/turing/2module/projects/ideabox/app/models/user.rb": [
        1,
        1,
        1,
        null,
        1,
        null
      ],
      "/Users/jling/turing/2module/projects/ideabox/app/controllers/application_controller.rb": [
        1,
        1,
        1,
        null,
        1,
        4,
        null,
        null
      ],
      "/Users/jling/turing/2module/projects/ideabox/app/controllers/categories_controller.rb": [
        1,
        1,
        2,
        null,
        null,
        1,
        1,
        null,
        null,
        1,
        1,
        1,
        null,
        null,
        1,
        null,
        1,
        1,
        null,
        null
      ],
      "/Users/jling/turing/2module/projects/ideabox/app/controllers/ideas_controller.rb": [
        1,
        null,
        1,
        null,
        1,
        4,
        null,
        null,
        1,
        1,
        1,
        null,
        null,
        1,
        1,
        1,
        null,
        null,
        1,
        null,
        null,
        1,
        null,
        null,
        1,
        1,
        1,
        null,
        null,
        1,
        1,
        1,
        null,
        null,
        1,
        null,
        1,
        2,
        null,
        null,
        1,
        5,
        null,
        null
      ],
      "/Users/jling/turing/2module/projects/ideabox/app/controllers/welcome_controller.rb": [
        1,
        1,
        null,
        null
      ],
      "/Users/jling/turing/2module/projects/ideabox/app/controllers/users_controller.rb": [
        1,
        1,
        1,
        null,
        null,
        1,
        1,
        1,
        1,
        1,
        null,
        0,
        null,
        null,
        null,
        1,
        2,
        null,
        null,
        1,
        null,
        1,
        1,
        null,
        null
      ],
      "/Users/jling/turing/2module/projects/ideabox/app/controllers/sessions_controller.rb": [
        1,
        1,
        null,
        null,
        1,
        1,
        1,
        1,
        1,
        null,
        0,
        null,
        null,
        null
      ]
    },
    "timestamp": 1536002744
  }
}
